Arguments: 
  C:\Program Files\nodejs\node.exe C:\Program Files (x86)\Yarn\bin\yarn.js add libssl-dev

PATH: 
  C:\Program Files (x86)\cmder\bin;C:\Program Files (x86)\cmder\vendor\bin;C:\Program Files (x86)\cmder\vendor\conemu-maximus5\ConEmu\Scripts;C:\Program Files (x86)\cmder\vendor\conemu-maximus5;C:\Program Files (x86)\cmder\vendor\conemu-maximus5\ConEmu;C:\Program Files (x86)\Common Files\Oracle\Java\javapath;C:\WINDOWS\system32;C:\WINDOWS;C:\WINDOWS\System32\Wbem;C:\WINDOWS\System32\WindowsPowerShell\v1.0\;C:\WINDOWS\System32\OpenSSH\;C:\Program Files\nodejs\;C:\Program Files (x86)\Yarn\bin\;C:\Users\poukah\.cargo\bin;C:\Users\poukah\AppData\Local\Microsoft\WindowsApps;C:\Users\poukah\AppData\Local\atom\bin;C:\Users\poukah\AppData\Roaming\npm;C:\Users\poukah\AppData\Local\Yarn\bin;%USERPROFILE%\AppData\Local\Microsoft\WindowsApps;C:\Users\poukah\AppData\Local\Programs\Fiddler;C:\Program Files (x86)\cmder\vendor\git-for-windows\cmd;C:\Program Files (x86)\cmder\vendor\git-for-windows\mingw64\bin;C:\Program Files (x86)\cmder\vendor\git-for-windows\usr\bin;C:\Program Files (x86)\cmder

Yarn version: 
  1.17.3

Node version: 
  10.16.3

Platform: 
  win32 x64

Trace: 
  Error: https://registry.yarnpkg.com/libssl-dev: Not found
      at Request.params.callback [as _callback] (C:\Program Files (x86)\Yarn\lib\cli.js:65939:18)
      at Request.self.callback (C:\Program Files (x86)\Yarn\lib\cli.js:140464:22)
      at Request.emit (events.js:198:13)
      at Request.<anonymous> (C:\Program Files (x86)\Yarn\lib\cli.js:141436:10)
      at Request.emit (events.js:198:13)
      at IncomingMessage.<anonymous> (C:\Program Files (x86)\Yarn\lib\cli.js:141358:12)
      at Object.onceWrapper (events.js:286:20)
      at IncomingMessage.emit (events.js:203:15)
      at endReadableNT (_stream_readable.js:1145:12)
      at process._tickCallback (internal/process/next_tick.js:63:19)

npm manifest: 
  {
    "dependencies": {
      "rust": "^0.1.6",
      "winapi": "^2.7.3"
    }
  }

yarn manifest: 
  No manifest

Lockfile: 
  # THIS IS AN AUTOGENERATED FILE. DO NOT EDIT THIS FILE DIRECTLY.
  # yarn lockfile v1
  
  
  commander@~1.1.1:
    version "1.1.1"
    resolved "https://registry.yarnpkg.com/commander/-/commander-1.1.1.tgz#50d1651868ae60eccff0a2d9f34595376bc6b041"
    integrity sha1-UNFlGGiuYOzP8KLZ80WVN2vGsEE=
    dependencies:
      keypress "0.1.x"
  
  keypress@0.1.x:
    version "0.1.0"
    resolved "https://registry.yarnpkg.com/keypress/-/keypress-0.1.0.tgz#4a3188d4291b66b4f65edb99f806aa9ae293592a"
    integrity sha1-SjGI1CkbZrT2XtuZ+AaqmuKTWSo=
  
  nan@^2.2.0:
    version "2.14.0"
    resolved "https://registry.yarnpkg.com/nan/-/nan-2.14.0.tgz#7818f722027b2459a86f0295d434d1fc2336c52c"
    integrity sha512-INOFj37C7k3AfaNTtX8RhsTw7qRy7eLET14cROi9+5HAVbbHuIWUHEauBv5qT4Av2tWasiTY1Jw6puUNqRJXQg==
  
  rust@^0.1.6:
    version "0.1.6"
    resolved "https://registry.yarnpkg.com/rust/-/rust-0.1.6.tgz#acc4aeba7a7e31935b1c7684860fc0001da24c9c"
    integrity sha1-rMSuunp+MZNbHHaEhg/AAB2iTJw=
    dependencies:
      commander "~1.1.1"
  
  winapi@^2.7.3:
    version "2.7.3"
    resolved "https://registry.yarnpkg.com/winapi/-/winapi-2.7.3.tgz#0a520aa916bd588d3693613ea8e26d0bdee843de"
    integrity sha512-cxN2FWkkPltx5ZQNwtiZ7t7TeVyp54p8X6DPaSQ5ZvBv8J5lvxM+zK0KCwynYRm4mLrl5rnpFBaQ+mdOavZUDg==
    dependencies:
      nan "^2.2.0"
